<?xml version="1.0" encoding="UTF-8"?>
<testng-results ignored="1" total="5" passed="1" failed="3" skipped="0">
  <reporter-output>
  </reporter-output>
  <suite started-at="2023-04-28T13:05:41 UTC" name="Suite" finished-at="2023-04-28T13:06:11 UTC" duration-ms="30414">
    <groups>
      <group name="Sanity">
        <method signature="SearchProductTest.VerifySearchProduct(java.lang.String,java.lang.String)[pri:0, instance:com.amazon.testcases.SearchProductTest@222545dc]" name="VerifySearchProduct" class="com.amazon.testcases.SearchProductTest"/>
        <method signature="TestExcelSheet.readTestData()[pri:0, instance:com.amazon.testcases.TestExcelSheet@478190fc]" name="readTestData" class="com.amazon.testcases.TestExcelSheet"/>
      </group> <!-- Sanity -->
    </groups>
    <test started-at="2023-04-28T13:05:41 UTC" name="Test" finished-at="2023-04-28T13:06:11 UTC" duration-ms="30414">
      <class name="com.amazon.testcases.SearchProductTest">
        <test-method is-config="true" signature="preSetup()[pri:0, instance:com.amazon.testcases.SearchProductTest@222545dc]" started-at="2023-04-28T13:05:41 UTC" name="preSetup" finished-at="2023-04-28T13:05:41 UTC" duration-ms="390" status="PASS">
          <reporter-output>
          </reporter-output>
        </test-method> <!-- preSetup -->
        <test-method is-config="true" signature="setup()[pri:0, instance:com.amazon.testcases.SearchProductTest@222545dc]" started-at="2023-04-28T13:05:42 UTC" name="setup" finished-at="2023-04-28T13:05:48 UTC" duration-ms="5574" status="PASS">
          <reporter-output>
          </reporter-output>
        </test-method> <!-- setup -->
        <test-method signature="VerifySearchProduct(java.lang.String,java.lang.String)[pri:0, instance:com.amazon.testcases.SearchProductTest@222545dc]" started-at="2023-04-28T13:05:48 UTC" name="VerifySearchProduct" data-provider="getSearchProductTestDataFromExcel" finished-at="2023-04-28T13:05:53 UTC" duration-ms="4977" status="FAIL">
          <params>
            <param index="0">
              <value>
                <![CDATA[Apple Watch]]>
              </value>
            </param>
            <param index="1">
              <value>
                <![CDATA[Electronics]]>
              </value>
            </param>
          </params>
          <exception class="java.lang.AssertionError">
            <message>
              <![CDATA[expected [APPLE WATCH 2021] but found [Sponsored
Apple Watch Ultra [GPS + Cellular 49 mm] Smart Watch w/Rugged Titanium Case & Midnight Ocean Band. Fitness Tracker, Precision GPS, Action Button, Extra-Long BatteryLife, Brighter Retina Display
119
₹82,599 M.R.P:
₹89,900 (8% off)
Flat INR 4000 Off on HDFC BankCards
Get it by Thursday, 4 May
FREE Delivery by Amazon]]]>
            </message>
            <full-stacktrace>
              <![CDATA[java.lang.AssertionError: expected [APPLE WATCH 2021] but found [Sponsored
Apple Watch Ultra [GPS + Cellular 49 mm] Smart Watch w/Rugged Titanium Case & Midnight Ocean Band. Fitness Tracker, Precision GPS, Action Button, Extra-Long BatteryLife, Brighter Retina Display
119
₹82,599 M.R.P:
₹89,900 (8% off)
Flat INR 4000 Off on HDFC BankCards
Get it by Thursday, 4 May
FREE Delivery by Amazon]
at org.testng.Assert.fail(Assert.java:110)
at org.testng.Assert.failNotEquals(Assert.java:1577)
at org.testng.Assert.assertEqualsImpl(Assert.java:149)
at org.testng.Assert.assertEquals(Assert.java:131)
at org.testng.Assert.assertEquals(Assert.java:655)
at org.testng.Assert.assertEquals(Assert.java:665)
at com.amazon.testcases.SearchProductTest.VerifySearchProduct(SearchProductTest.java:32)
at java.base/jdk.internal.reflect.NativeMethodAccessorImpl.invoke0(Native Method)
at java.base/jdk.internal.reflect.NativeMethodAccessorImpl.invoke(NativeMethodAccessorImpl.java:77)
at java.base/jdk.internal.reflect.DelegatingMethodAccessorImpl.invoke(DelegatingMethodAccessorImpl.java:43)
at java.base/java.lang.reflect.Method.invoke(Method.java:568)
at org.testng.internal.invokers.MethodInvocationHelper.invokeMethod(MethodInvocationHelper.java:139)
at org.testng.internal.invokers.TestInvoker.invokeMethod(TestInvoker.java:677)
at org.testng.internal.invokers.TestInvoker.invokeTestMethod(TestInvoker.java:221)
at org.testng.internal.invokers.MethodRunner.runInSequence(MethodRunner.java:50)
at org.testng.internal.invokers.TestInvoker$MethodInvocationAgent.invoke(TestInvoker.java:969)
at org.testng.internal.invokers.TestInvoker.invokeTestMethods(TestInvoker.java:194)
at org.testng.internal.invokers.TestMethodWorker.invokeTestMethods(TestMethodWorker.java:148)
at org.testng.internal.invokers.TestMethodWorker.run(TestMethodWorker.java:128)
at java.base/java.util.ArrayList.forEach(ArrayList.java:1511)
at org.testng.TestRunner.privateRun(TestRunner.java:829)
at org.testng.TestRunner.run(TestRunner.java:602)
at org.testng.SuiteRunner.runTest(SuiteRunner.java:437)
at org.testng.SuiteRunner.runSequentially(SuiteRunner.java:431)
at org.testng.SuiteRunner.privateRun(SuiteRunner.java:391)
at org.testng.SuiteRunner.run(SuiteRunner.java:330)
at org.testng.SuiteRunnerWorker.runSuite(SuiteRunnerWorker.java:52)
at org.testng.SuiteRunnerWorker.run(SuiteRunnerWorker.java:95)
at org.testng.TestNG.runSuitesSequentially(TestNG.java:1256)
at org.testng.TestNG.runSuitesLocally(TestNG.java:1176)
at org.testng.TestNG.runSuites(TestNG.java:1099)
at org.testng.TestNG.run(TestNG.java:1067)
at org.apache.maven.surefire.testng.TestNGExecutor.run(TestNGExecutor.java:324)
at org.apache.maven.surefire.testng.TestNGXmlTestSuite.execute(TestNGXmlTestSuite.java:74)
at org.apache.maven.surefire.testng.TestNGProvider.invoke(TestNGProvider.java:123)
at org.apache.maven.surefire.booter.ForkedBooter.runSuitesInProcess(ForkedBooter.java:456)
at org.apache.maven.surefire.booter.ForkedBooter.execute(ForkedBooter.java:169)
at org.apache.maven.surefire.booter.ForkedBooter.run(ForkedBooter.java:595)
at org.apache.maven.surefire.booter.ForkedBooter.main(ForkedBooter.java:581)
]]>
            </full-stacktrace>
          </exception> <!-- java.lang.AssertionError -->
          <reporter-output>
          </reporter-output>
        </test-method> <!-- VerifySearchProduct -->
        <test-method is-config="true" signature="cleanup(org.testng.ITestResult)[pri:0, instance:com.amazon.testcases.SearchProductTest@222545dc]" started-at="2023-04-28T13:05:53 UTC" name="cleanup" finished-at="2023-04-28T13:05:54 UTC" duration-ms="882" status="PASS">
          <params>
            <param index="0">
              <value>
                <![CDATA[[TestResult name=VerifySearchProduct status=FAILURE method=SearchProductTest.VerifySearchProduct(java.lang.String,java.lang.String)[pri:0, instance:com.amazon.testcases.SearchProductTest@222545dc] output={null}]]]>
              </value>
            </param>
          </params>
          <reporter-output>
          </reporter-output>
        </test-method> <!-- cleanup -->
        <test-method is-config="true" signature="setup()[pri:0, instance:com.amazon.testcases.SearchProductTest@222545dc]" started-at="2023-04-28T13:05:54 UTC" name="setup" finished-at="2023-04-28T13:05:57 UTC" duration-ms="3684" status="PASS">
          <reporter-output>
          </reporter-output>
        </test-method> <!-- setup -->
        <test-method signature="VerifySearchProduct(java.lang.String,java.lang.String)[pri:0, instance:com.amazon.testcases.SearchProductTest@222545dc]" started-at="2023-04-28T13:05:57 UTC" name="VerifySearchProduct" data-provider="getSearchProductTestDataFromExcel" finished-at="2023-04-28T13:06:02 UTC" duration-ms="4331" status="FAIL">
          <params>
            <param index="0">
              <value>
                <![CDATA[Table]]>
              </value>
            </param>
            <param index="1">
              <value>
                <![CDATA[Furniture]]>
              </value>
            </param>
          </params>
          <exception class="java.lang.AssertionError">
            <message>
              <![CDATA[expected [APPLE WATCH 2021] but found [Best seller
Palazzo Study Table/Bed Table/Foldable and Portable Wooden/Writing Desk for Office/Home/School (Black)
295
₹399 M.R.P:
₹799 (50% off)
Get it by Tuesday, 2 May]]]>
            </message>
            <full-stacktrace>
              <![CDATA[java.lang.AssertionError: expected [APPLE WATCH 2021] but found [Best seller
Palazzo Study Table/Bed Table/Foldable and Portable Wooden/Writing Desk for Office/Home/School (Black)
295
₹399 M.R.P:
₹799 (50% off)
Get it by Tuesday, 2 May]
at org.testng.Assert.fail(Assert.java:110)
at org.testng.Assert.failNotEquals(Assert.java:1577)
at org.testng.Assert.assertEqualsImpl(Assert.java:149)
at org.testng.Assert.assertEquals(Assert.java:131)
at org.testng.Assert.assertEquals(Assert.java:655)
at org.testng.Assert.assertEquals(Assert.java:665)
at com.amazon.testcases.SearchProductTest.VerifySearchProduct(SearchProductTest.java:32)
at java.base/jdk.internal.reflect.NativeMethodAccessorImpl.invoke0(Native Method)
at java.base/jdk.internal.reflect.NativeMethodAccessorImpl.invoke(NativeMethodAccessorImpl.java:77)
at java.base/jdk.internal.reflect.DelegatingMethodAccessorImpl.invoke(DelegatingMethodAccessorImpl.java:43)
at java.base/java.lang.reflect.Method.invoke(Method.java:568)
at org.testng.internal.invokers.MethodInvocationHelper.invokeMethod(MethodInvocationHelper.java:139)
at org.testng.internal.invokers.TestInvoker.invokeMethod(TestInvoker.java:677)
at org.testng.internal.invokers.TestInvoker.invokeTestMethod(TestInvoker.java:221)
at org.testng.internal.invokers.MethodRunner.runInSequence(MethodRunner.java:50)
at org.testng.internal.invokers.TestInvoker$MethodInvocationAgent.invoke(TestInvoker.java:969)
at org.testng.internal.invokers.TestInvoker.invokeTestMethods(TestInvoker.java:194)
at org.testng.internal.invokers.TestMethodWorker.invokeTestMethods(TestMethodWorker.java:148)
at org.testng.internal.invokers.TestMethodWorker.run(TestMethodWorker.java:128)
at java.base/java.util.ArrayList.forEach(ArrayList.java:1511)
at org.testng.TestRunner.privateRun(TestRunner.java:829)
at org.testng.TestRunner.run(TestRunner.java:602)
at org.testng.SuiteRunner.runTest(SuiteRunner.java:437)
at org.testng.SuiteRunner.runSequentially(SuiteRunner.java:431)
at org.testng.SuiteRunner.privateRun(SuiteRunner.java:391)
at org.testng.SuiteRunner.run(SuiteRunner.java:330)
at org.testng.SuiteRunnerWorker.runSuite(SuiteRunnerWorker.java:52)
at org.testng.SuiteRunnerWorker.run(SuiteRunnerWorker.java:95)
at org.testng.TestNG.runSuitesSequentially(TestNG.java:1256)
at org.testng.TestNG.runSuitesLocally(TestNG.java:1176)
at org.testng.TestNG.runSuites(TestNG.java:1099)
at org.testng.TestNG.run(TestNG.java:1067)
at org.apache.maven.surefire.testng.TestNGExecutor.run(TestNGExecutor.java:324)
at org.apache.maven.surefire.testng.TestNGXmlTestSuite.execute(TestNGXmlTestSuite.java:74)
at org.apache.maven.surefire.testng.TestNGProvider.invoke(TestNGProvider.java:123)
at org.apache.maven.surefire.booter.ForkedBooter.runSuitesInProcess(ForkedBooter.java:456)
at org.apache.maven.surefire.booter.ForkedBooter.execute(ForkedBooter.java:169)
at org.apache.maven.surefire.booter.ForkedBooter.run(ForkedBooter.java:595)
at org.apache.maven.surefire.booter.ForkedBooter.main(ForkedBooter.java:581)
]]>
            </full-stacktrace>
          </exception> <!-- java.lang.AssertionError -->
          <reporter-output>
          </reporter-output>
        </test-method> <!-- VerifySearchProduct -->
        <test-method is-config="true" signature="cleanup(org.testng.ITestResult)[pri:0, instance:com.amazon.testcases.SearchProductTest@222545dc]" started-at="2023-04-28T13:06:02 UTC" name="cleanup" finished-at="2023-04-28T13:06:02 UTC" duration-ms="555" status="PASS">
          <params>
            <param index="0">
              <value>
                <![CDATA[[TestResult name=VerifySearchProduct status=FAILURE method=SearchProductTest.VerifySearchProduct(java.lang.String,java.lang.String)[pri:0, instance:com.amazon.testcases.SearchProductTest@222545dc] output={null}]]]>
              </value>
            </param>
          </params>
          <reporter-output>
          </reporter-output>
        </test-method> <!-- cleanup -->
        <test-method is-config="true" signature="setup()[pri:0, instance:com.amazon.testcases.SearchProductTest@222545dc]" started-at="2023-04-28T13:06:02 UTC" name="setup" finished-at="2023-04-28T13:06:06 UTC" duration-ms="4006" status="PASS">
          <reporter-output>
          </reporter-output>
        </test-method> <!-- setup -->
        <test-method signature="VerifySearchProduct(java.lang.String,java.lang.String)[pri:0, instance:com.amazon.testcases.SearchProductTest@222545dc]" started-at="2023-04-28T13:06:06 UTC" name="VerifySearchProduct" data-provider="getSearchProductTestDataFromExcel" finished-at="2023-04-28T13:06:10 UTC" duration-ms="3727" status="FAIL">
          <params>
            <param index="0">
              <value>
                <![CDATA[Amazon gift Card ]]>
              </value>
            </param>
            <param index="1">
              <value>
                <![CDATA[Gift Cards]]>
              </value>
            </param>
          </params>
          <exception class="java.lang.AssertionError">
            <message>
              <![CDATA[expected [APPLE WATCH 2021] but found [Best seller
Amazon Pay eGift Card
178,146
₹10-
₹10,000]]]>
            </message>
            <full-stacktrace>
              <![CDATA[java.lang.AssertionError: expected [APPLE WATCH 2021] but found [Best seller
Amazon Pay eGift Card
178,146
₹10-
₹10,000]
at org.testng.Assert.fail(Assert.java:110)
at org.testng.Assert.failNotEquals(Assert.java:1577)
at org.testng.Assert.assertEqualsImpl(Assert.java:149)
at org.testng.Assert.assertEquals(Assert.java:131)
at org.testng.Assert.assertEquals(Assert.java:655)
at org.testng.Assert.assertEquals(Assert.java:665)
at com.amazon.testcases.SearchProductTest.VerifySearchProduct(SearchProductTest.java:32)
at java.base/jdk.internal.reflect.NativeMethodAccessorImpl.invoke0(Native Method)
at java.base/jdk.internal.reflect.NativeMethodAccessorImpl.invoke(NativeMethodAccessorImpl.java:77)
at java.base/jdk.internal.reflect.DelegatingMethodAccessorImpl.invoke(DelegatingMethodAccessorImpl.java:43)
at java.base/java.lang.reflect.Method.invoke(Method.java:568)
at org.testng.internal.invokers.MethodInvocationHelper.invokeMethod(MethodInvocationHelper.java:139)
at org.testng.internal.invokers.TestInvoker.invokeMethod(TestInvoker.java:677)
at org.testng.internal.invokers.TestInvoker.invokeTestMethod(TestInvoker.java:221)
at org.testng.internal.invokers.MethodRunner.runInSequence(MethodRunner.java:50)
at org.testng.internal.invokers.TestInvoker$MethodInvocationAgent.invoke(TestInvoker.java:969)
at org.testng.internal.invokers.TestInvoker.invokeTestMethods(TestInvoker.java:194)
at org.testng.internal.invokers.TestMethodWorker.invokeTestMethods(TestMethodWorker.java:148)
at org.testng.internal.invokers.TestMethodWorker.run(TestMethodWorker.java:128)
at java.base/java.util.ArrayList.forEach(ArrayList.java:1511)
at org.testng.TestRunner.privateRun(TestRunner.java:829)
at org.testng.TestRunner.run(TestRunner.java:602)
at org.testng.SuiteRunner.runTest(SuiteRunner.java:437)
at org.testng.SuiteRunner.runSequentially(SuiteRunner.java:431)
at org.testng.SuiteRunner.privateRun(SuiteRunner.java:391)
at org.testng.SuiteRunner.run(SuiteRunner.java:330)
at org.testng.SuiteRunnerWorker.runSuite(SuiteRunnerWorker.java:52)
at org.testng.SuiteRunnerWorker.run(SuiteRunnerWorker.java:95)
at org.testng.TestNG.runSuitesSequentially(TestNG.java:1256)
at org.testng.TestNG.runSuitesLocally(TestNG.java:1176)
at org.testng.TestNG.runSuites(TestNG.java:1099)
at org.testng.TestNG.run(TestNG.java:1067)
at org.apache.maven.surefire.testng.TestNGExecutor.run(TestNGExecutor.java:324)
at org.apache.maven.surefire.testng.TestNGXmlTestSuite.execute(TestNGXmlTestSuite.java:74)
at org.apache.maven.surefire.testng.TestNGProvider.invoke(TestNGProvider.java:123)
at org.apache.maven.surefire.booter.ForkedBooter.runSuitesInProcess(ForkedBooter.java:456)
at org.apache.maven.surefire.booter.ForkedBooter.execute(ForkedBooter.java:169)
at org.apache.maven.surefire.booter.ForkedBooter.run(ForkedBooter.java:595)
at org.apache.maven.surefire.booter.ForkedBooter.main(ForkedBooter.java:581)
]]>
            </full-stacktrace>
          </exception> <!-- java.lang.AssertionError -->
          <reporter-output>
          </reporter-output>
        </test-method> <!-- VerifySearchProduct -->
        <test-method is-config="true" signature="cleanup(org.testng.ITestResult)[pri:0, instance:com.amazon.testcases.SearchProductTest@222545dc]" started-at="2023-04-28T13:06:10 UTC" name="cleanup" finished-at="2023-04-28T13:06:10 UTC" duration-ms="524" status="PASS">
          <params>
            <param index="0">
              <value>
                <![CDATA[[TestResult name=VerifySearchProduct status=FAILURE method=SearchProductTest.VerifySearchProduct(java.lang.String,java.lang.String)[pri:0, instance:com.amazon.testcases.SearchProductTest@222545dc] output={null}]]]>
              </value>
            </param>
          </params>
          <reporter-output>
          </reporter-output>
        </test-method> <!-- cleanup -->
        <test-method is-config="true" signature="postCleanup()[pri:0, instance:com.amazon.testcases.SearchProductTest@222545dc]" started-at="2023-04-28T13:06:10 UTC" name="postCleanup" finished-at="2023-04-28T13:06:11 UTC" duration-ms="490" status="PASS">
          <reporter-output>
          </reporter-output>
        </test-method> <!-- postCleanup -->
      </class> <!-- com.amazon.testcases.SearchProductTest -->
      <class name="com.amazon.testcases.TestExcelSheet">
        <test-method signature="readTestData()[pri:0, instance:com.amazon.testcases.TestExcelSheet@478190fc]" started-at="2023-04-28T13:06:11 UTC" name="readTestData" finished-at="2023-04-28T13:06:11 UTC" duration-ms="29" status="PASS">
          <reporter-output>
          </reporter-output>
        </test-method> <!-- readTestData -->
      </class> <!-- com.amazon.testcases.TestExcelSheet -->
    </test> <!-- Test -->
  </suite> <!-- Suite -->
</testng-results>
